{
  "stats": {
    "suites": 1,
    "tests": 1,
    "passes": 1,
    "pending": 0,
    "failures": 0,
    "start": "2020-07-30T07:09:51.378Z",
    "end": "2020-07-30T07:10:30.773Z",
    "duration": 39395,
    "testsRegistered": 1,
    "passPercent": 100,
    "pendingPercent": 0,
    "other": 0,
    "hasOther": false,
    "skipped": 0,
    "hasSkipped": false
  },
  "results": [
    {
      "uuid": "7685ff35-3108-4cae-9b3f-9ca61ddd8d58",
      "title": "",
      "fullFile": "cypress\\integration\\examples\\Tests\\FileUploadExample.js",
      "file": "cypress\\integration\\examples\\Tests\\FileUploadExample.js",
      "beforeHooks": [],
      "afterHooks": [],
      "tests": [],
      "suites": [
        {
          "uuid": "1cfbe353-ee5c-4231-81df-57badc5204a2",
          "title": "Testing fileupload via fineuploader.com",
          "fullFile": "",
          "file": "",
          "beforeHooks": [],
          "afterHooks": [],
          "tests": [
            {
              "title": "Uploading file and validating",
              "fullTitle": "Testing fileupload via fineuploader.com Uploading file and validating",
              "timedOut": null,
              "duration": 35891,
              "state": "passed",
              "speed": "slow",
              "pass": true,
              "fail": false,
              "pending": false,
              "context": null,
              "code": "var yourFixturePath = 'eauser.json';\ncy.get('.buttons > .qq-upload-button-selector > input').attachFile(yourFixturePath);",
              "err": {},
              "uuid": "15ded35a-d524-4414-90cf-0a95f95129e3",
              "parentUUID": "1cfbe353-ee5c-4231-81df-57badc5204a2",
              "isHook": false,
              "skipped": false
            }
          ],
          "suites": [],
          "passes": [
            "15ded35a-d524-4414-90cf-0a95f95129e3"
          ],
          "failures": [],
          "pending": [],
          "skipped": [],
          "duration": 35891,
          "root": false,
          "rootEmpty": false,
          "_timeout": 2000
        }
      ],
      "passes": [],
      "failures": [],
      "pending": [],
      "skipped": [],
      "duration": 0,
      "root": true,
      "rootEmpty": true,
      "_timeout": 2000
    }
  ],
  "meta": {
    "mocha": {
      "version": "7.0.1"
    },
    "mochawesome": {
      "options": {
        "quiet": false,
        "reportFilename": "mochawesome",
        "saveHtml": false,
        "saveJson": true,
        "consoleReporter": "spec",
        "useInlineDiffs": false
      },
      "version": "4.1.0"
    },
    "marge": {
      "options": {
        "reportDir": "cypress/report/mochawesome-report",
        "overwrite": false,
        "html": false,
        "json": true,
        "timestamp": "mmddyyyy_HHMMss"
      },
      "version": "4.1.0"
    }
  }
}