{
  "stats": {
    "suites": 1,
    "tests": 3,
    "passes": 3,
    "pending": 0,
    "failures": 0,
    "start": "2020-12-25T05:44:56.608Z",
    "end": "2020-12-25T05:45:03.585Z",
    "duration": 6977,
    "testsRegistered": 3,
    "passPercent": 100,
    "pendingPercent": 0,
    "other": 0,
    "hasOther": false,
    "skipped": 0,
    "hasSkipped": false
  },
  "results": [
    {
      "uuid": "3c05b459-7ee6-4545-b5f6-d8055d26e3fc",
      "title": "",
      "fullFile": "cypress\\integration\\examples\\Tests\\APITest.spec.js",
      "file": "cypress\\integration\\examples\\Tests\\APITest.spec.js",
      "beforeHooks": [],
      "afterHooks": [],
      "tests": [],
      "suites": [
        {
          "uuid": "39158f9d-7c72-43f4-b7f2-e85a77ffef90",
          "title": "TestAPI from ReqRes.in",
          "fullFile": "",
          "file": "",
          "beforeHooks": [],
          "afterHooks": [],
          "tests": [
            {
              "title": "Test Get Request",
              "fullTitle": "TestAPI from ReqRes.in Test Get Request",
              "timedOut": null,
              "duration": 2366,
              "state": "passed",
              "speed": "slow",
              "pass": true,
              "fail": false,
              "pending": false,
              "context": null,
              "code": "cy.request(\"https://reqres.in/api/users/2\").its('body').should('have.property', 'data');",
              "err": {},
              "uuid": "fa63119d-51be-45fa-944e-ca348ad0e1c2",
              "parentUUID": "39158f9d-7c72-43f4-b7f2-e85a77ffef90",
              "isHook": false,
              "skipped": false
            },
            {
              "title": "TestPOST from ReqRes.in",
              "fullTitle": "TestAPI from ReqRes.in TestPOST from ReqRes.in",
              "timedOut": null,
              "duration": 1506,
              "state": "passed",
              "speed": "slow",
              "pass": true,
              "fail": false,
              "pending": false,
              "context": null,
              "code": "cy.request({\n  method: 'POST',\n  url: 'https://reqres.in/api/users',\n  body: {\n    \"name\": \"morpheus\",\n    \"job\": \"leader\"\n  }\n}).then(function (res) {\n  expect(res.body).has.property(\"name\", \"morpheus\");\n});",
              "err": {},
              "uuid": "2fe05ef0-c5af-4c33-b93e-af25103b9ece",
              "parentUUID": "39158f9d-7c72-43f4-b7f2-e85a77ffef90",
              "isHook": false,
              "skipped": false
            },
            {
              "title": "API testing",
              "fullTitle": "TestAPI from ReqRes.in API testing",
              "timedOut": null,
              "duration": 2539,
              "state": "passed",
              "speed": "slow",
              "pass": true,
              "fail": false,
              "pending": false,
              "context": null,
              "code": "cy.request({\n  method: 'POST',\n  url: 'http://eaapp.somee.com/Account/Login',\n  body: {\n    \"__RequestVerificationToken\": \"jJ27CGSB6SHC24F0oV5nGIcKmDPqG2WfwOCDZxTUIhJ8Tk9TiSYlzhrzuhP5Ct2rHTiOY46WawRVGy6qanY18HsdbKEeK0TqWjgOY9b6RZE1\",\n    \"UserName\": \"admin\",\n    \"Password\": \"password\",\n    \"RememberMe\": \"false\"\n  },\n  failOnStatusCode: false\n}).then(function ($res) {\n  expect($res.status).to.eql(500);\n  expect($res.body).to.contain('<i>The required anti-forgery cookie &quot;__RequestVerificationToken&quot; is not present.</i>');\n});",
              "err": {},
              "uuid": "2b7de615-2932-4baa-bfb1-9068d6c8e22a",
              "parentUUID": "39158f9d-7c72-43f4-b7f2-e85a77ffef90",
              "isHook": false,
              "skipped": false
            }
          ],
          "suites": [],
          "passes": [
            "fa63119d-51be-45fa-944e-ca348ad0e1c2",
            "2fe05ef0-c5af-4c33-b93e-af25103b9ece",
            "2b7de615-2932-4baa-bfb1-9068d6c8e22a"
          ],
          "failures": [],
          "pending": [],
          "skipped": [],
          "duration": 6411,
          "root": false,
          "rootEmpty": false,
          "_timeout": 2000
        }
      ],
      "passes": [],
      "failures": [],
      "pending": [],
      "skipped": [],
      "duration": 0,
      "root": true,
      "rootEmpty": true,
      "_timeout": 2000
    }
  ],
  "meta": {
    "mocha": {
      "version": "7.0.1"
    },
    "mochawesome": {
      "options": {
        "quiet": false,
        "reportFilename": "mochawesome",
        "saveHtml": false,
        "saveJson": true,
        "consoleReporter": "spec",
        "useInlineDiffs": false
      },
      "version": "4.1.0"
    },
    "marge": {
      "options": {
        "reportDir": "cypress/report/mochawesome-report",
        "overwrite": true,
        "html": false,
        "json": true,
        "timestamp": "mmddyyyy_HHMMss"
      },
      "version": "4.1.0"
    }
  }
}