{
  "stats": {
    "suites": 1,
    "tests": 1,
    "passes": 1,
    "pending": 0,
    "failures": 0,
    "start": "2020-07-30T07:08:32.791Z",
    "end": "2020-07-30T07:08:54.340Z",
    "duration": 21549,
    "testsRegistered": 1,
    "passPercent": 100,
    "pendingPercent": 0,
    "other": 0,
    "hasOther": false,
    "skipped": 0,
    "hasSkipped": false
  },
  "results": [
    {
      "uuid": "d18e2427-0b9c-4fe3-aa87-8e09c444b9b5",
      "title": "",
      "fullFile": "cypress\\integration\\examples\\Tests\\ea.automation.spec.js",
      "file": "cypress\\integration\\examples\\Tests\\ea.automation.spec.js",
      "beforeHooks": [],
      "afterHooks": [],
      "tests": [],
      "suites": [
        {
          "uuid": "284cded4-2634-4aca-9d90-807edf3f9613",
          "title": "Testing of EA App",
          "fullFile": "",
          "file": "",
          "beforeHooks": [],
          "afterHooks": [],
          "tests": [
            {
              "title": "Application Test End to End",
              "fullTitle": "Testing of EA App Application Test End to End",
              "timedOut": null,
              "duration": 16815,
              "state": "passed",
              "speed": "slow",
              "pass": true,
              "fail": false,
              "pending": false,
              "context": null,
              "code": "// This is the long way of using alias\n// cy.get(\"#loginLink\").then(($link) => {\n//     return $link.text();\n// }).as(\"linkText\");\n// This is the short way of using alias\ncy.get(\"#loginLink\").invoke('text').as(\"linkText\");\ncy.get(\"@linkText\").then(function ($x) {\n  expect($x).is.eql(\"Login\");\n});\ncy.contains(\"Login\").click(); // Verifying URL \ncy.url().should(\"include\", \"/Account/Login\"); // Clearing Username field and typing username\n//cy.get('//*[@id=\"UserName\"]').type(\"admin\");\ncy.get(\"#UserName\").type(\"admin\"); // Clearing password field and typing password\ncy.get(\"#Password\").clear();\ncy.get(\"#Password\").type(\"password\"); // Clicking on login button\ncy.get(\".btn\").click();\ncy.contains(\"Employee List\").click();\ncy.get(\".table\").find(\"tr\").contains(\"Ramesh\").parent().contains(\"Benefits\").click();\ncy.url().should(\"include\", \"Benefit/Details/3\");",
              "err": {},
              "uuid": "7c06b9fc-eee9-4193-b76d-6cc188026488",
              "parentUUID": "284cded4-2634-4aca-9d90-807edf3f9613",
              "isHook": false,
              "skipped": false
            }
          ],
          "suites": [],
          "passes": [
            "7c06b9fc-eee9-4193-b76d-6cc188026488"
          ],
          "failures": [],
          "pending": [],
          "skipped": [],
          "duration": 16815,
          "root": false,
          "rootEmpty": false,
          "_timeout": 2000
        }
      ],
      "passes": [],
      "failures": [],
      "pending": [],
      "skipped": [],
      "duration": 0,
      "root": true,
      "rootEmpty": true,
      "_timeout": 2000
    }
  ],
  "meta": {
    "mocha": {
      "version": "7.0.1"
    },
    "mochawesome": {
      "options": {
        "quiet": false,
        "reportFilename": "mochawesome",
        "saveHtml": false,
        "saveJson": true,
        "consoleReporter": "spec",
        "useInlineDiffs": false
      },
      "version": "4.1.0"
    },
    "marge": {
      "options": {
        "reportDir": "cypress/report/mochawesome-report",
        "overwrite": false,
        "html": false,
        "json": true,
        "timestamp": "mmddyyyy_HHMMss"
      },
      "version": "4.1.0"
    }
  }
}