{
  "stats": {
    "suites": 1,
    "tests": 3,
    "passes": 3,
    "pending": 0,
    "failures": 0,
    "start": "2020-07-31T05:47:01.590Z",
    "end": "2020-07-31T05:47:07.897Z",
    "duration": 6307,
    "testsRegistered": 3,
    "passPercent": 100,
    "pendingPercent": 0,
    "other": 0,
    "hasOther": false,
    "skipped": 0,
    "hasSkipped": false
  },
  "results": [
    {
      "uuid": "d309d3df-f3f9-47d8-8ff5-6d55f8e4d151",
      "title": "",
      "fullFile": "cypress\\integration\\examples\\Tests\\APITest.spec.js",
      "file": "cypress\\integration\\examples\\Tests\\APITest.spec.js",
      "beforeHooks": [],
      "afterHooks": [],
      "tests": [],
      "suites": [
        {
          "uuid": "4de6c0f9-ba68-4d87-9ce6-0d96ab05d6d9",
          "title": "TestAPI from ReqRes.in",
          "fullFile": "",
          "file": "",
          "beforeHooks": [],
          "afterHooks": [],
          "tests": [
            {
              "title": "Test Get Request",
              "fullTitle": "TestAPI from ReqRes.in Test Get Request",
              "timedOut": null,
              "duration": 2193,
              "state": "passed",
              "speed": "slow",
              "pass": true,
              "fail": false,
              "pending": false,
              "context": null,
              "code": "cy.request(\"https://reqres.in/api/users/2\").its('body').should('have.property', 'data');",
              "err": {},
              "uuid": "96151a2a-06f1-426a-97e5-d25a0c424669",
              "parentUUID": "4de6c0f9-ba68-4d87-9ce6-0d96ab05d6d9",
              "isHook": false,
              "skipped": false
            },
            {
              "title": "TestPOST from ReqRes.in",
              "fullTitle": "TestAPI from ReqRes.in TestPOST from ReqRes.in",
              "timedOut": null,
              "duration": 1336,
              "state": "passed",
              "speed": "slow",
              "pass": true,
              "fail": false,
              "pending": false,
              "context": null,
              "code": "cy.request({\n  method: 'POST',\n  url: 'https://reqres.in/api/users',\n  body: {\n    \"name\": \"morpheus\",\n    \"job\": \"leader\"\n  }\n}).then(function (res) {\n  expect(res.body).has.property(\"name\", \"morpheus\");\n});",
              "err": {},
              "uuid": "51759a9b-190d-4787-8c51-f4336940b489",
              "parentUUID": "4de6c0f9-ba68-4d87-9ce6-0d96ab05d6d9",
              "isHook": false,
              "skipped": false
            },
            {
              "title": "API testing",
              "fullTitle": "TestAPI from ReqRes.in API testing",
              "timedOut": null,
              "duration": 2284,
              "state": "passed",
              "speed": "slow",
              "pass": true,
              "fail": false,
              "pending": false,
              "context": null,
              "code": "cy.request({\n  method: 'POST',\n  url: 'http://eaapp.somee.com/Account/Login',\n  body: {\n    \"__RequestVerificationToken\": \"jJ27CGSB6SHC24F0oV5nGIcKmDPqG2WfwOCDZxTUIhJ8Tk9TiSYlzhrzuhP5Ct2rHTiOY46WawRVGy6qanY18HsdbKEeK0TqWjgOY9b6RZE1\",\n    \"UserName\": \"admin\",\n    \"Password\": \"password\",\n    \"RememberMe\": \"false\"\n  },\n  failOnStatusCode: false\n}).then(function ($res) {\n  expect($res.status).to.eql(500);\n  expect($res.body).to.contain('<i>The required anti-forgery cookie &quot;__RequestVerificationToken&quot; is not present.</i>');\n});",
              "err": {},
              "uuid": "b7b0c2a0-bb60-4540-b764-06b109811409",
              "parentUUID": "4de6c0f9-ba68-4d87-9ce6-0d96ab05d6d9",
              "isHook": false,
              "skipped": false
            }
          ],
          "suites": [],
          "passes": [
            "96151a2a-06f1-426a-97e5-d25a0c424669",
            "51759a9b-190d-4787-8c51-f4336940b489",
            "b7b0c2a0-bb60-4540-b764-06b109811409"
          ],
          "failures": [],
          "pending": [],
          "skipped": [],
          "duration": 5813,
          "root": false,
          "rootEmpty": false,
          "_timeout": 2000
        }
      ],
      "passes": [],
      "failures": [],
      "pending": [],
      "skipped": [],
      "duration": 0,
      "root": true,
      "rootEmpty": true,
      "_timeout": 2000
    }
  ],
  "meta": {
    "mocha": {
      "version": "7.0.1"
    },
    "mochawesome": {
      "options": {
        "quiet": false,
        "reportFilename": "mochawesome",
        "saveHtml": false,
        "saveJson": true,
        "consoleReporter": "spec",
        "useInlineDiffs": false
      },
      "version": "4.1.0"
    },
    "marge": {
      "options": {
        "reportDir": "cypress/report/mochawesome-report",
        "overwrite": true,
        "html": false,
        "json": true,
        "timestamp": "mmddyyyy_HHMMss"
      },
      "version": "4.1.0"
    }
  }
}