{
  "stats": {
    "suites": 1,
    "tests": 1,
    "passes": 1,
    "pending": 0,
    "failures": 0,
    "start": "2020-07-30T07:09:01.465Z",
    "end": "2020-07-30T07:09:28.708Z",
    "duration": 27243,
    "testsRegistered": 1,
    "passPercent": 100,
    "pendingPercent": 0,
    "other": 0,
    "hasOther": false,
    "skipped": 0,
    "hasSkipped": false
  },
  "results": [
    {
      "uuid": "d2d33bf4-83e2-4c0e-9f44-0dc78866d464",
      "title": "",
      "fullFile": "cypress\\integration\\examples\\Tests\\EALoginPageTest.js",
      "file": "cypress\\integration\\examples\\Tests\\EALoginPageTest.js",
      "beforeHooks": [],
      "afterHooks": [],
      "tests": [],
      "suites": [
        {
          "uuid": "a99b35cb-3f27-4099-a293-319f12e60fe8",
          "title": "Testing of EA App",
          "fullFile": "",
          "file": "",
          "beforeHooks": [],
          "afterHooks": [],
          "tests": [
            {
              "title": "Visit Login Page with Data Driven Testing and Page Object Model",
              "fullTitle": "Testing of EA App Visit Login Page with Data Driven Testing and Page Object Model",
              "timedOut": null,
              "duration": 19694,
              "state": "passed",
              "speed": "slow",
              "pass": true,
              "fail": false,
              "pending": false,
              "context": null,
              "code": "cy.get(\"#loginLink\").invoke('text').as(\"linkText\");\ncy.get(\"@linkText\").then(function ($x) {\n  expect($x).is.eql(\"Login\");\n});\ncy.contains(\"Login\").click();\ncy.url().should(\"include\", \"/Account/Login\");\ncy.get(\"@userdetails\").then(function (userDetails) {\n  _EALoginPage.loginpage.performLogin(userDetails.UserName, userDetails.Password);\n});\n_EALoginPage.loginpage.clickLoginButton();",
              "err": {},
              "uuid": "5bd61c0f-8e8c-4d46-8d08-ec72068268b9",
              "parentUUID": "a99b35cb-3f27-4099-a293-319f12e60fe8",
              "isHook": false,
              "skipped": false
            }
          ],
          "suites": [],
          "passes": [
            "5bd61c0f-8e8c-4d46-8d08-ec72068268b9"
          ],
          "failures": [],
          "pending": [],
          "skipped": [],
          "duration": 19694,
          "root": false,
          "rootEmpty": false,
          "_timeout": 2000
        }
      ],
      "passes": [],
      "failures": [],
      "pending": [],
      "skipped": [],
      "duration": 0,
      "root": true,
      "rootEmpty": true,
      "_timeout": 2000
    }
  ],
  "meta": {
    "mocha": {
      "version": "7.0.1"
    },
    "mochawesome": {
      "options": {
        "quiet": false,
        "reportFilename": "mochawesome",
        "saveHtml": false,
        "saveJson": true,
        "consoleReporter": "spec",
        "useInlineDiffs": false
      },
      "version": "4.1.0"
    },
    "marge": {
      "options": {
        "reportDir": "cypress/report/mochawesome-report",
        "overwrite": false,
        "html": false,
        "json": true,
        "timestamp": "mmddyyyy_HHMMss"
      },
      "version": "4.1.0"
    }
  }
}