{
  "stats": {
    "suites": 1,
    "tests": 2,
    "passes": 2,
    "pending": 0,
    "failures": 0,
    "start": "2020-12-25T05:46:14.672Z",
    "end": "2020-12-25T05:46:35.928Z",
    "duration": 21256,
    "testsRegistered": 2,
    "passPercent": 100,
    "pendingPercent": 0,
    "other": 0,
    "hasOther": false,
    "skipped": 0,
    "hasSkipped": false
  },
  "results": [
    {
      "uuid": "9ec78f2d-7cda-4243-aa8c-c9ca2d9b9314",
      "title": "",
      "fullFile": "cypress\\integration\\examples\\Tests\\EventHandling.spec.js",
      "file": "cypress\\integration\\examples\\Tests\\EventHandling.spec.js",
      "beforeHooks": [],
      "afterHooks": [],
      "tests": [],
      "suites": [
        {
          "uuid": "c0a9c0a8-ff43-4821-942c-0c5375877693",
          "title": "Testing of EA App",
          "fullFile": "",
          "file": "",
          "beforeHooks": [],
          "afterHooks": [],
          "tests": [
            {
              "title": "Perfom Login",
              "fullTitle": "Testing of EA App Perfom Login",
              "timedOut": null,
              "duration": 8023,
              "state": "passed",
              "speed": "slow",
              "pass": true,
              "fail": false,
              "pending": false,
              "context": null,
              "code": "cy.get(\"[name='UserName']\").type(\"admin\");\ncy.get(\"[name='Password']\").type(\"admin\");\ncy.get(':nth-child(3) > input').click();\ncy.get(\"[name='generate']\").click();",
              "err": {},
              "uuid": "bd21a8b3-b3ec-4d12-b98c-0779865aa754",
              "parentUUID": "c0a9c0a8-ff43-4821-942c-0c5375877693",
              "isHook": false,
              "skipped": false
            },
            {
              "title": "Perfom Login",
              "fullTitle": "Testing of EA App Perfom Login",
              "timedOut": null,
              "duration": 6336,
              "state": "passed",
              "speed": "slow",
              "pass": true,
              "fail": false,
              "pending": false,
              "context": null,
              "code": "cy.get(\"[name='UserName']\").type(\"admin\");\ncy.get(\"[name='Password']\").type(\"admin\");\ncy.get(':nth-child(3) > input').click();\ncy.get(\"[name='generate']\").click();\ncy.on(\"window:confirm\", function (str) {\n  expect(str).to.eq('You generated a Javascript alert'); // if we return false, it will click cancel button in alert\n  return true;\n});",
              "err": {},
              "uuid": "01b3bf5a-82a0-4ede-8cd7-c9dc7235e2ac",
              "parentUUID": "c0a9c0a8-ff43-4821-942c-0c5375877693",
              "isHook": false,
              "skipped": false
            }
          ],
          "suites": [],
          "passes": [
            "bd21a8b3-b3ec-4d12-b98c-0779865aa754",
            "01b3bf5a-82a0-4ede-8cd7-c9dc7235e2ac"
          ],
          "failures": [],
          "pending": [],
          "skipped": [],
          "duration": 14359,
          "root": false,
          "rootEmpty": false,
          "_timeout": 2000
        }
      ],
      "passes": [],
      "failures": [],
      "pending": [],
      "skipped": [],
      "duration": 0,
      "root": true,
      "rootEmpty": true,
      "_timeout": 2000
    }
  ],
  "meta": {
    "mocha": {
      "version": "7.0.1"
    },
    "mochawesome": {
      "options": {
        "quiet": false,
        "reportFilename": "mochawesome",
        "saveHtml": false,
        "saveJson": true,
        "consoleReporter": "spec",
        "useInlineDiffs": false
      },
      "version": "4.1.0"
    },
    "marge": {
      "options": {
        "reportDir": "cypress/report/mochawesome-report",
        "overwrite": true,
        "html": false,
        "json": true,
        "timestamp": "mmddyyyy_HHMMss"
      },
      "version": "4.1.0"
    }
  }
}