{
  "stats": {
    "suites": 1,
    "tests": 1,
    "passes": 1,
    "pending": 0,
    "failures": 0,
    "start": "2020-12-25T05:46:45.525Z",
    "end": "2020-12-25T05:46:59.217Z",
    "duration": 13692,
    "testsRegistered": 1,
    "passPercent": 100,
    "pendingPercent": 0,
    "other": 0,
    "hasOther": false,
    "skipped": 0,
    "hasSkipped": false
  },
  "results": [
    {
      "uuid": "6582412c-8cf0-447b-b1fe-e9e250cd72e7",
      "title": "",
      "fullFile": "cypress\\integration\\examples\\Tests\\FileUploadExample.js",
      "file": "cypress\\integration\\examples\\Tests\\FileUploadExample.js",
      "beforeHooks": [],
      "afterHooks": [],
      "tests": [],
      "suites": [
        {
          "uuid": "c8e79631-f0e3-4637-8514-aa83e0f6ddbb",
          "title": "Testing fileupload via fineuploader.com",
          "fullFile": "",
          "file": "",
          "beforeHooks": [],
          "afterHooks": [],
          "tests": [
            {
              "title": "Uploading file and validating",
              "fullTitle": "Testing fileupload via fineuploader.com Uploading file and validating",
              "timedOut": null,
              "duration": 9048,
              "state": "passed",
              "speed": "slow",
              "pass": true,
              "fail": false,
              "pending": false,
              "context": null,
              "code": "var yourFixturePath = 'eauser.json';\ncy.get('.buttons > .qq-upload-button-selector > input').attachFile(yourFixturePath);",
              "err": {},
              "uuid": "7d0b0252-4b83-4639-9d9e-c31a41cf7226",
              "parentUUID": "c8e79631-f0e3-4637-8514-aa83e0f6ddbb",
              "isHook": false,
              "skipped": false
            }
          ],
          "suites": [],
          "passes": [
            "7d0b0252-4b83-4639-9d9e-c31a41cf7226"
          ],
          "failures": [],
          "pending": [],
          "skipped": [],
          "duration": 9048,
          "root": false,
          "rootEmpty": false,
          "_timeout": 2000
        }
      ],
      "passes": [],
      "failures": [],
      "pending": [],
      "skipped": [],
      "duration": 0,
      "root": true,
      "rootEmpty": true,
      "_timeout": 2000
    }
  ],
  "meta": {
    "mocha": {
      "version": "7.0.1"
    },
    "mochawesome": {
      "options": {
        "quiet": false,
        "reportFilename": "mochawesome",
        "saveHtml": false,
        "saveJson": true,
        "consoleReporter": "spec",
        "useInlineDiffs": false
      },
      "version": "4.1.0"
    },
    "marge": {
      "options": {
        "reportDir": "cypress/report/mochawesome-report",
        "overwrite": true,
        "html": false,
        "json": true,
        "timestamp": "mmddyyyy_HHMMss"
      },
      "version": "4.1.0"
    }
  }
}