{
  "stats": {
    "suites": 1,
    "tests": 1,
    "passes": 1,
    "pending": 0,
    "failures": 0,
    "start": "2020-07-31T05:49:20.441Z",
    "end": "2020-07-31T05:49:38.601Z",
    "duration": 18160,
    "testsRegistered": 1,
    "passPercent": 100,
    "pendingPercent": 0,
    "other": 0,
    "hasOther": false,
    "skipped": 0,
    "hasSkipped": false
  },
  "results": [
    {
      "uuid": "27ba629b-87e5-4c42-96bf-ae6c095b7c77",
      "title": "",
      "fullFile": "cypress\\integration\\examples\\Tests\\FileUploadExample.js",
      "file": "cypress\\integration\\examples\\Tests\\FileUploadExample.js",
      "beforeHooks": [],
      "afterHooks": [],
      "tests": [],
      "suites": [
        {
          "uuid": "56b2fc38-76e3-4643-8295-fe4d8c0d6237",
          "title": "Testing fileupload via fineuploader.com",
          "fullFile": "",
          "file": "",
          "beforeHooks": [],
          "afterHooks": [],
          "tests": [
            {
              "title": "Uploading file and validating",
              "fullTitle": "Testing fileupload via fineuploader.com Uploading file and validating",
              "timedOut": null,
              "duration": 11229,
              "state": "passed",
              "speed": "slow",
              "pass": true,
              "fail": false,
              "pending": false,
              "context": null,
              "code": "var yourFixturePath = 'eauser.json';\ncy.get('.buttons > .qq-upload-button-selector > input').attachFile(yourFixturePath);",
              "err": {},
              "uuid": "67454564-486d-4b0a-8123-72ad79deaa20",
              "parentUUID": "56b2fc38-76e3-4643-8295-fe4d8c0d6237",
              "isHook": false,
              "skipped": false
            }
          ],
          "suites": [],
          "passes": [
            "67454564-486d-4b0a-8123-72ad79deaa20"
          ],
          "failures": [],
          "pending": [],
          "skipped": [],
          "duration": 11229,
          "root": false,
          "rootEmpty": false,
          "_timeout": 2000
        }
      ],
      "passes": [],
      "failures": [],
      "pending": [],
      "skipped": [],
      "duration": 0,
      "root": true,
      "rootEmpty": true,
      "_timeout": 2000
    }
  ],
  "meta": {
    "mocha": {
      "version": "7.0.1"
    },
    "mochawesome": {
      "options": {
        "quiet": false,
        "reportFilename": "mochawesome",
        "saveHtml": false,
        "saveJson": true,
        "consoleReporter": "spec",
        "useInlineDiffs": false
      },
      "version": "4.1.0"
    },
    "marge": {
      "options": {
        "reportDir": "cypress/report/mochawesome-report",
        "overwrite": true,
        "html": false,
        "json": true,
        "timestamp": "mmddyyyy_HHMMss"
      },
      "version": "4.1.0"
    }
  }
}