{
  "stats": {
    "suites": 1,
    "tests": 1,
    "passes": 1,
    "pending": 0,
    "failures": 0,
    "start": "2020-07-30T07:48:08.769Z",
    "end": "2020-07-30T07:48:29.040Z",
    "duration": 20271,
    "testsRegistered": 1,
    "passPercent": 100,
    "pendingPercent": 0,
    "other": 0,
    "hasOther": false,
    "skipped": 0,
    "hasSkipped": false
  },
  "results": [
    {
      "uuid": "c3ad45f8-b43a-4c45-9687-046234b6b057",
      "title": "",
      "fullFile": "cypress\\integration\\examples\\Tests\\FileUploadExample.js",
      "file": "cypress\\integration\\examples\\Tests\\FileUploadExample.js",
      "beforeHooks": [],
      "afterHooks": [],
      "tests": [],
      "suites": [
        {
          "uuid": "da78cba0-fa08-4e1e-8174-cf1cdd2b84ea",
          "title": "Testing fileupload via fineuploader.com",
          "fullFile": "",
          "file": "",
          "beforeHooks": [],
          "afterHooks": [],
          "tests": [
            {
              "title": "Uploading file and validating",
              "fullTitle": "Testing fileupload via fineuploader.com Uploading file and validating",
              "timedOut": null,
              "duration": 13733,
              "state": "passed",
              "speed": "slow",
              "pass": true,
              "fail": false,
              "pending": false,
              "context": null,
              "code": "var yourFixturePath = 'eauser.json';\ncy.get('.buttons > .qq-upload-button-selector > input').attachFile(yourFixturePath);",
              "err": {},
              "uuid": "bcc8326b-5d68-4992-97a8-583e2b5a469a",
              "parentUUID": "da78cba0-fa08-4e1e-8174-cf1cdd2b84ea",
              "isHook": false,
              "skipped": false
            }
          ],
          "suites": [],
          "passes": [
            "bcc8326b-5d68-4992-97a8-583e2b5a469a"
          ],
          "failures": [],
          "pending": [],
          "skipped": [],
          "duration": 13733,
          "root": false,
          "rootEmpty": false,
          "_timeout": 2000
        }
      ],
      "passes": [],
      "failures": [],
      "pending": [],
      "skipped": [],
      "duration": 0,
      "root": true,
      "rootEmpty": true,
      "_timeout": 2000
    }
  ],
  "meta": {
    "mocha": {
      "version": "7.0.1"
    },
    "mochawesome": {
      "options": {
        "quiet": false,
        "reportFilename": "mochawesome",
        "saveHtml": false,
        "saveJson": true,
        "consoleReporter": "spec",
        "useInlineDiffs": false
      },
      "version": "4.1.0"
    },
    "marge": {
      "options": {
        "reportDir": "cypress/report/mochawesome-report",
        "overwrite": false,
        "html": false,
        "json": true,
        "timestamp": "mmddyyyy_HHMMss"
      },
      "version": "4.1.0"
    }
  }
}