{
  "stats": {
    "suites": 1,
    "tests": 2,
    "passes": 2,
    "pending": 0,
    "failures": 0,
    "start": "2020-07-30T07:09:36.480Z",
    "end": "2020-07-30T07:09:45.196Z",
    "duration": 8716,
    "testsRegistered": 2,
    "passPercent": 100,
    "pendingPercent": 0,
    "other": 0,
    "hasOther": false,
    "skipped": 0,
    "hasSkipped": false
  },
  "results": [
    {
      "uuid": "d6fc4672-55e3-4aab-83c0-8123f9cb66dd",
      "title": "",
      "fullFile": "cypress\\integration\\examples\\Tests\\EventHandling.spec.js",
      "file": "cypress\\integration\\examples\\Tests\\EventHandling.spec.js",
      "beforeHooks": [],
      "afterHooks": [],
      "tests": [],
      "suites": [
        {
          "uuid": "c0295646-b88d-4f94-9917-2dc2f4942daa",
          "title": "Testing of EA App",
          "fullFile": "",
          "file": "",
          "beforeHooks": [],
          "afterHooks": [],
          "tests": [
            {
              "title": "Perfom Login",
              "fullTitle": "Testing of EA App Perfom Login",
              "timedOut": null,
              "duration": 3213,
              "state": "passed",
              "speed": "slow",
              "pass": true,
              "fail": false,
              "pending": false,
              "context": null,
              "code": "cy.get(\"[name='UserName']\").type(\"admin\");\ncy.get(\"[name='Password']\").type(\"admin\");\ncy.get(':nth-child(3) > input').click();\ncy.get(\"[name='generate']\").click();",
              "err": {},
              "uuid": "8bd20c05-3fe7-432c-95ce-717fc8fb5b9f",
              "parentUUID": "c0295646-b88d-4f94-9917-2dc2f4942daa",
              "isHook": false,
              "skipped": false
            },
            {
              "title": "Perfom Login",
              "fullTitle": "Testing of EA App Perfom Login",
              "timedOut": null,
              "duration": 1615,
              "state": "passed",
              "speed": "slow",
              "pass": true,
              "fail": false,
              "pending": false,
              "context": null,
              "code": "cy.get(\"[name='UserName']\").type(\"admin\");\ncy.get(\"[name='Password']\").type(\"admin\");\ncy.get(':nth-child(3) > input').click();\ncy.get(\"[name='generate']\").click();\ncy.on(\"window:confirm\", function (str) {\n  expect(str).to.eq('You generated a Javascript alert'); // if we return false, it will click cancel button in alert\n  return true;\n});",
              "err": {},
              "uuid": "30a779fe-cf78-4db5-936d-ca11c716df1b",
              "parentUUID": "c0295646-b88d-4f94-9917-2dc2f4942daa",
              "isHook": false,
              "skipped": false
            }
          ],
          "suites": [],
          "passes": [
            "8bd20c05-3fe7-432c-95ce-717fc8fb5b9f",
            "30a779fe-cf78-4db5-936d-ca11c716df1b"
          ],
          "failures": [],
          "pending": [],
          "skipped": [],
          "duration": 4828,
          "root": false,
          "rootEmpty": false,
          "_timeout": 2000
        }
      ],
      "passes": [],
      "failures": [],
      "pending": [],
      "skipped": [],
      "duration": 0,
      "root": true,
      "rootEmpty": true,
      "_timeout": 2000
    }
  ],
  "meta": {
    "mocha": {
      "version": "7.0.1"
    },
    "mochawesome": {
      "options": {
        "quiet": false,
        "reportFilename": "mochawesome",
        "saveHtml": false,
        "saveJson": true,
        "consoleReporter": "spec",
        "useInlineDiffs": false
      },
      "version": "4.1.0"
    },
    "marge": {
      "options": {
        "reportDir": "cypress/report/mochawesome-report",
        "overwrite": false,
        "html": false,
        "json": true,
        "timestamp": "mmddyyyy_HHMMss"
      },
      "version": "4.1.0"
    }
  }
}