{
  "stats": {
    "suites": 1,
    "tests": 3,
    "passes": 3,
    "pending": 0,
    "failures": 0,
    "start": "2020-07-30T07:08:23.689Z",
    "end": "2020-07-30T07:08:27.146Z",
    "duration": 3457,
    "testsRegistered": 3,
    "passPercent": 100,
    "pendingPercent": 0,
    "other": 0,
    "hasOther": false,
    "skipped": 0,
    "hasSkipped": false
  },
  "results": [
    {
      "uuid": "66e54787-053a-4592-89c9-f243459d25e7",
      "title": "",
      "fullFile": "cypress\\integration\\examples\\Tests\\APITest.spec.js",
      "file": "cypress\\integration\\examples\\Tests\\APITest.spec.js",
      "beforeHooks": [],
      "afterHooks": [],
      "tests": [],
      "suites": [
        {
          "uuid": "94f264d4-b9b6-4efe-b45e-a9026c361bb4",
          "title": "TestAPI from ReqRes.in",
          "fullFile": "",
          "file": "",
          "beforeHooks": [],
          "afterHooks": [],
          "tests": [
            {
              "title": "Test Get Request",
              "fullTitle": "TestAPI from ReqRes.in Test Get Request",
              "timedOut": null,
              "duration": 1184,
              "state": "passed",
              "speed": "slow",
              "pass": true,
              "fail": false,
              "pending": false,
              "context": null,
              "code": "cy.request(\"https://reqres.in/api/users/2\").its('body').should('have.property', 'data');",
              "err": {},
              "uuid": "64fd80d2-88f8-4efd-9034-2dd3ed17aea1",
              "parentUUID": "94f264d4-b9b6-4efe-b45e-a9026c361bb4",
              "isHook": false,
              "skipped": false
            },
            {
              "title": "TestPOST from ReqRes.in",
              "fullTitle": "TestAPI from ReqRes.in TestPOST from ReqRes.in",
              "timedOut": null,
              "duration": 1085,
              "state": "passed",
              "speed": "slow",
              "pass": true,
              "fail": false,
              "pending": false,
              "context": null,
              "code": "cy.request({\n  method: 'POST',\n  url: 'https://reqres.in/api/users',\n  body: {\n    \"name\": \"morpheus\",\n    \"job\": \"leader\"\n  }\n}).then(function (res) {\n  expect(res.body).has.property(\"name\", \"morpheus\");\n});",
              "err": {},
              "uuid": "a90e04d5-7af0-4f14-83d7-7426abc9cd0f",
              "parentUUID": "94f264d4-b9b6-4efe-b45e-a9026c361bb4",
              "isHook": false,
              "skipped": false
            },
            {
              "title": "API testing",
              "fullTitle": "TestAPI from ReqRes.in API testing",
              "timedOut": null,
              "duration": 1149,
              "state": "passed",
              "speed": "slow",
              "pass": true,
              "fail": false,
              "pending": false,
              "context": null,
              "code": "cy.request({\n  method: 'POST',\n  url: 'http://eaapp.somee.com/Account/Login',\n  body: {\n    \"__RequestVerificationToken\": \"jJ27CGSB6SHC24F0oV5nGIcKmDPqG2WfwOCDZxTUIhJ8Tk9TiSYlzhrzuhP5Ct2rHTiOY46WawRVGy6qanY18HsdbKEeK0TqWjgOY9b6RZE1\",\n    \"UserName\": \"admin\",\n    \"Password\": \"password\",\n    \"RememberMe\": \"false\"\n  },\n  failOnStatusCode: false\n}).then(function ($res) {\n  expect($res.status).to.eql(500);\n  expect($res.body).to.contain('<i>The required anti-forgery cookie &quot;__RequestVerificationToken&quot; is not present.</i>');\n});",
              "err": {},
              "uuid": "60ff66d0-55f9-42d5-995d-3704939917dc",
              "parentUUID": "94f264d4-b9b6-4efe-b45e-a9026c361bb4",
              "isHook": false,
              "skipped": false
            }
          ],
          "suites": [],
          "passes": [
            "64fd80d2-88f8-4efd-9034-2dd3ed17aea1",
            "a90e04d5-7af0-4f14-83d7-7426abc9cd0f",
            "60ff66d0-55f9-42d5-995d-3704939917dc"
          ],
          "failures": [],
          "pending": [],
          "skipped": [],
          "duration": 3418,
          "root": false,
          "rootEmpty": false,
          "_timeout": 2000
        }
      ],
      "passes": [],
      "failures": [],
      "pending": [],
      "skipped": [],
      "duration": 0,
      "root": true,
      "rootEmpty": true,
      "_timeout": 2000
    }
  ],
  "meta": {
    "mocha": {
      "version": "7.0.1"
    },
    "mochawesome": {
      "options": {
        "quiet": false,
        "reportFilename": "mochawesome",
        "saveHtml": false,
        "saveJson": true,
        "consoleReporter": "spec",
        "useInlineDiffs": false
      },
      "version": "4.1.0"
    },
    "marge": {
      "options": {
        "reportDir": "cypress/report/mochawesome-report",
        "overwrite": false,
        "html": false,
        "json": true,
        "timestamp": "mmddyyyy_HHMMss"
      },
      "version": "4.1.0"
    }
  }
}